warning: Git tree '/home/mbrock/filnix' has uncommitted changes
these 4 derivations will be built:
  /nix/store/mfajys1kxqgqyqgs8lahpwm8j0ywlq08-ruby3.3-rake-13.2.1-x86_64-unknown-linux-gnufilc0.drv
  /nix/store/laxh98jf1mk6bywj7z7i8psr07xg5nrd-ruby3.3-ffi-1.17.1-x86_64-unknown-linux-gnufilc0.drv
  /nix/store/z8wq4fq6m4ma4z53a4v7wvkpyh8143xj-ruby3.3-ffi-compiler-1.3.2-x86_64-unknown-linux-gnufilc0.drv
  /nix/store/jzkr5ac9ygjdkylsqw0lc9kl2spi9pqy-ruby3.3-scrypt-3.0.8-x86_64-unknown-linux-gnufilc0.drv
this path will be fetched (0.08 MiB download, 0.08 MiB unpacked):
  /nix/store/w7mfgq92nczpsihf3fh2diadjjf6fylm-rake-13.2.1.gem
copying path '/nix/store/w7mfgq92nczpsihf3fh2diadjjf6fylm-rake-13.2.1.gem' from 'https://cache.nixos.org'...
building '/nix/store/laxh98jf1mk6bywj7z7i8psr07xg5nrd-ruby3.3-ffi-1.17.1-x86_64-unknown-linux-gnufilc0.drv' on 'ssh://mbrock@swa.sh'...
building '/nix/store/mfajys1kxqgqyqgs8lahpwm8j0ywlq08-ruby3.3-rake-13.2.1-x86_64-unknown-linux-gnufilc0.drv' on 'ssh://mbrock@swa.sh'...
copying 0 paths...
copying 0 paths...
copying 1 paths...
copying path '/nix/store/75bfhgaj0qcjnr6ygv47lwh0p0jhvcrj-ruby3.3-rake-13.2.1-x86_64-unknown-linux-gnufilc0' from 'ssh://mbrock@swa.sh'...
error: build of '/nix/store/laxh98jf1mk6bywj7z7i8psr07xg5nrd-ruby3.3-ffi-1.17.1-x86_64-unknown-linux-gnufilc0.drv' on 'ssh://mbrock@swa.sh' failed: Cannot build '/nix/store/laxh98jf1mk6bywj7z7i8psr07xg5nrd-ruby3.3-ffi-1.17.1-x86_64-unknown-linux-gnufilc0.drv'.
       Reason: builder failed with exit code 1.
       Output paths:
         /nix/store/0jqckqjaylnr41vk4ra13y1ckl7qaqiy-ruby3.3-ffi-1.17.1-x86_64-unknown-linux-gnufilc0
       Last 25 log lines:
       > 31 libc.so.6 0x00007ffff7c2a47e
       > 32 libc.so.6 0x00007ffff7c2a539 __libc_start_main + 137
       > 33 clang-20  0x0000000000c741d5 _start + 37
       > clang-20: error: clang frontend command failed with exit code 134 (use -v to see invocation)
       > Fil-C 0.675 clang version 20.1.8
       > Target: x86_64-pc-linux-gnu
       > Thread model: posix
       > InstalledDir: /nix/store/vgskqs0704cixafnd126s6jjis2jwmyl-filc0-git/bin
       > Build config: +assertions
       > clang-20: note: diagnostic msg:
       > ********************
       >
       > PLEASE ATTACH THE FOLLOWING FILES TO THE BUG REPORT:
       > Preprocessed source(s) and associated run script(s) are located at:
       > clang-20: note: diagnostic msg: /build/MethodHandle-554cba.c
       > clang-20: note: diagnostic msg: /build/MethodHandle-554cba.sh
       > clang-20: note: diagnostic msg:
       >
       > ********************
       > make: *** [Makefile:248: MethodHandle.o] Error 1
       >
       > make failed, exit code 2
       >
       > Gem files will remain installed in /nix/store/0jqckqjaylnr41vk4ra13y1ckl7qaqiy-ruby3.3-ffi-1.17.1-x86_64-unknown-linux-gnufilc0/lib/ruby/gems/3.3.0/gems/ffi-1.17.1 for inspection.
       > Results logged to /nix/store/0jqckqjaylnr41vk4ra13y1ckl7qaqiy-ruby3.3-ffi-1.17.1-x86_64-unknown-linux-gnufilc0/lib/ruby/gems/3.3.0/extensions/x86_64-linux/3.3.0/ffi-1.17.1/gem_make.out
       For full logs, run:
         nix log /nix/store/laxh98jf1mk6bywj7z7i8psr07xg5nrd-ruby3.3-ffi-1.17.1-x86_64-unknown-linux-gnufilc0.drv
error: Cannot build '/nix/store/laxh98jf1mk6bywj7z7i8psr07xg5nrd-ruby3.3-ffi-1.17.1-x86_64-unknown-linux-gnufilc0.drv'.
       Reason: builder failed with exit code 1.
       Output paths:
         /nix/store/0jqckqjaylnr41vk4ra13y1ckl7qaqiy-ruby3.3-ffi-1.17.1-x86_64-unknown-linux-gnufilc0
       Last 25 log lines:
       > 31 libc.so.6 0x00007ffff7c2a47e
       > 32 libc.so.6 0x00007ffff7c2a539 __libc_start_main + 137
       > 33 clang-20  0x0000000000c741d5 _start + 37
       > clang-20: error: clang frontend command failed with exit code 134 (use -v to see invocation)
       > Fil-C 0.675 clang version 20.1.8
       > Target: x86_64-pc-linux-gnu
       > Thread model: posix
       > InstalledDir: /nix/store/vgskqs0704cixafnd126s6jjis2jwmyl-filc0-git/bin
       > Build config: +assertions
       > clang-20: note: diagnostic msg:
       > ********************
       >
       > PLEASE ATTACH THE FOLLOWING FILES TO THE BUG REPORT:
       > Preprocessed source(s) and associated run script(s) are located at:
       > clang-20: note: diagnostic msg: /build/MethodHandle-554cba.c
       > clang-20: note: diagnostic msg: /build/MethodHandle-554cba.sh
       > clang-20: note: diagnostic msg:
       >
       > ********************
       > make: *** [Makefile:248: MethodHandle.o] Error 1
       >
       > make failed, exit code 2
       >
       > Gem files will remain installed in /nix/store/0jqckqjaylnr41vk4ra13y1ckl7qaqiy-ruby3.3-ffi-1.17.1-x86_64-unknown-linux-gnufilc0/lib/ruby/gems/3.3.0/gems/ffi-1.17.1 for inspection.
       > Results logged to /nix/store/0jqckqjaylnr41vk4ra13y1ckl7qaqiy-ruby3.3-ffi-1.17.1-x86_64-unknown-linux-gnufilc0/lib/ruby/gems/3.3.0/extensions/x86_64-linux/3.3.0/ffi-1.17.1/gem_make.out
       For full logs, run:
         nix log /nix/store/laxh98jf1mk6bywj7z7i8psr07xg5nrd-ruby3.3-ffi-1.17.1-x86_64-unknown-linux-gnufilc0.drv
error: Cannot build '/nix/store/z8wq4fq6m4ma4z53a4v7wvkpyh8143xj-ruby3.3-ffi-compiler-1.3.2-x86_64-unknown-linux-gnufilc0.drv'.
       Reason: 1 dependency failed.
       Output paths:
         /nix/store/hxq5hfi663dk4lyvb7znzr25jz793hz2-ruby3.3-ffi-compiler-1.3.2-x86_64-unknown-linux-gnufilc0
error: Cannot build '/nix/store/jzkr5ac9ygjdkylsqw0lc9kl2spi9pqy-ruby3.3-scrypt-3.0.8-x86_64-unknown-linux-gnufilc0.drv'.
       Reason: 1 dependency failed.
       Output paths:
         /nix/store/r9yjj5wnwb12yy3r104bndbdg0g1flk2-ruby3.3-scrypt-3.0.8-x86_64-unknown-linux-gnufilc0
